<?xml version="1.0" encoding="UTF-8"?>
<!-- Generated by org.testng.reporters.JUnitReportReporter -->
<testsuite hostname="mustafapc" failures="0" tests="3" name="FirstTestCase.DataProviderExample" time="0.006" errors="0" timestamp="2023-10-19T00:16:00 PDT" skipped="0">
  <testcase classname="FirstTestCase.DataProviderExample" name="login" time="0.001"/>
  <testcase classname="FirstTestCase.DataProviderExample" name="login" time="0.005"/>
  <testcase classname="FirstTestCase.DataProviderExample" name="login" time="0.000"/>
</testsuite> <!-- FirstTestCase.DataProviderExample -->
