<?xml version="1.0" encoding="UTF-8"?>
<!-- Generated by org.testng.reporters.JUnitReportReporter -->
<testsuite hostname="mustafapc" failures="0" tests="2" name="ParallelTesting.ParallelTest1" time="21.912" errors="0" timestamp="2023-10-19T16:44:26 PDT" skipped="0">
  <testcase classname="ParallelTesting.ParallelTest1" name="homePageTitle" time="12.435"/>
  <testcase classname="ParallelTesting.ParallelTest1" name="logoTest" time="9.477"/>
</testsuite> <!-- ParallelTesting.ParallelTest1 -->
