<?xml version="1.0" encoding="UTF-8"?>
<!-- Generated by org.testng.reporters.JUnitReportReporter -->
<testsuite hostname="mustafapc" failures="0" tests="4" name="FirstTestCase.PriorityExample" time="0.007" errors="0" timestamp="2023-10-18T21:40:14 PDT" skipped="0">
  <testcase classname="FirstTestCase.PriorityExample" name="test3" time="0.006"/>
  <testcase classname="FirstTestCase.PriorityExample" name="test2" time="0.000"/>
  <testcase classname="FirstTestCase.PriorityExample" name="test1" time="0.000"/>
  <testcase classname="FirstTestCase.PriorityExample" name="test4" time="0.001"/>
</testsuite> <!-- FirstTestCase.PriorityExample -->
