<?xml version="1.0" encoding="UTF-8"?>
<!-- Generated by org.testng.reporters.JUnitReportReporter -->
<testsuite hostname="mustafapc" failures="0" tests="2" name="FirstTestCase.TC2" time="0.002" errors="0" timestamp="2023-10-18T21:22:39 PDT" skipped="0">
  <testcase classname="FirstTestCase.TC2" name="test4" time="0.001"/>
  <testcase classname="FirstTestCase.TC2" name="test3" time="0.001"/>
</testsuite> <!-- FirstTestCase.TC2 -->
