<?xml version="1.0" encoding="UTF-8"?>
<!-- Generated by org.testng.reporters.JUnitReportReporter -->
<testsuite hostname="mustafapc" failures="0" tests="2" name="FirstTestCase.AsssertionExamples" time="0.044" errors="0" timestamp="2023-10-18T23:28:55 PDT" skipped="0">
  <testcase classname="FirstTestCase.AsssertionExamples" name="logoMatched" time="0.009"/>
  <testcase classname="FirstTestCase.AsssertionExamples" name="logoTest" time="0.035"/>
</testsuite> <!-- FirstTestCase.AsssertionExamples -->
