<?xml version="1.0" encoding="UTF-8"?>
<!-- Generated by org.testng.reporters.JUnitReportReporter -->
<testsuite hostname="mustafapc" failures="0" tests="1" name="ParallelTesting.ParallelTest2" time="7.245" errors="0" timestamp="2023-10-19T16:44:26 PDT" skipped="0">
  <testcase classname="ParallelTesting.ParallelTest2" name="loginTest" time="7.245"/>
</testsuite> <!-- ParallelTesting.ParallelTest2 -->
