<?xml version="1.0" encoding="UTF-8"?>
<!-- Generated by org.testng.reporters.JUnitReportReporter -->
<testsuite hostname="mustafapc" failures="0" tests="2" name="FirstTestCase.GroupingExample" time="0.007" errors="0" timestamp="2023-10-18T22:18:24 PDT" skipped="0">
  <testcase classname="FirstTestCase.GroupingExample" name="test2" time="0.005"/>
  <testcase classname="FirstTestCase.GroupingExample" name="test4" time="0.002"/>
</testsuite> <!-- FirstTestCase.GroupingExample -->
