<?xml version="1.0" encoding="UTF-8"?>
<!-- Generated by org.testng.reporters.JUnitReportReporter -->
<testsuite hostname="mustafapc" failures="0" tests="2" name="FirstTestCase.ParametersExamples" time="0.049" errors="0" timestamp="2023-10-18T23:55:29 PDT" skipped="0">
  <testcase classname="FirstTestCase.ParametersExamples" name="logoTest" time="0.044"/>
  <testcase classname="FirstTestCase.ParametersExamples" name="logoMatched" time="0.005"/>
</testsuite> <!-- FirstTestCase.ParametersExamples -->
