<?xml version="1.0" encoding="UTF-8"?>
<!-- Generated by org.testng.reporters.JUnitReportReporter -->
<testsuite hostname="mustafapc" failures="0" tests="3" name="FirstTestCase.FirstClass" time="0.008" errors="0" timestamp="2023-10-17T23:38:51 PDT" skipped="0">
  <testcase classname="FirstTestCase.FirstClass" name="setup" time="0.006"/>
  <testcase classname="FirstTestCase.FirstClass" name="login" time="0.001"/>
  <testcase classname="FirstTestCase.FirstClass" name="teardown" time="0.001"/>
</testsuite> <!-- FirstTestCase.FirstClass -->
